#
# There is insufficient memory for the Java Runtime Environment to continue.
# Native memory allocation (mmap) failed to map 100663296 bytes. Error detail: G1 virtual space
# Possible reasons:
#   The system is out of physical RAM or swap space
#   This process is running with CompressedOops enabled, and the Java Heap may be blocking the growth of the native heap
# Possible solutions:
#   Reduce memory load on the system
#   Increase physical memory or swap space
#   Check if swap backing store is full
#   Decrease Java heap size (-Xmx/-Xms)
#   Decrease number of Java threads
#   Decrease Java thread stack sizes (-Xss)
#   Set larger code cache with -XX:ReservedCodeCacheSize=
#   JVM is running with Unscaled Compressed Oops mode in which the Java heap is
#     placed in the first 4GB address space. The Java Heap base address is the
#     maximum limit for the native heap growth. Please use -XX:HeapBaseMinAddress
#     to set the Java Heap base and to place the Java Heap above 4GB virtual address.
# This output file may be truncated or incomplete.
#
#  Out of Memory Error (os_windows.cpp:3736), pid=9872, tid=11988
#
# JRE version:  (21.0.7+6) (build )
# Java VM: OpenJDK 64-Bit Server VM (21.0.7+6-LTS, mixed mode, emulated-client, sharing, tiered, compressed oops, compressed class ptrs, g1 gc, windows-amd64)
# No core dump will be written. Minidumps are not enabled by default on client versions of Windows
#

---------------  S U M M A R Y ------------

Command Line: -XX:TieredStopAtLevel=1 -Dfile.encoding=UTF-8 -Duser.country=MX -Duser.language=es -Duser.variant com.pucetec.josue_tipan_shipflow.JosueTipanShipflowApplicationKt

Host: AMD Ryzen 5 3500U with Radeon Vega Mobile Gfx  , 8 cores, 5G,  Windows 11 , 64 bit Build 22621 (10.0.22621.5415)
Time: Mon Jul 21 16:18:51 2025 Hora est. Pacífico, Sudamérica elapsed time: 0.020453 seconds (0d 0h 0m 0s)

---------------  T H R E A D  ---------------

Current thread (0x000001f8de12fda0):  JavaThread "Unknown thread" [_thread_in_vm, id=11988, stack(0x000000d727b00000,0x000000d727c00000) (1024K)]

Stack: [0x000000d727b00000,0x000000d727c00000]
Native frames: (J=compiled Java code, j=interpreted, Vv=VM code, C=native code)
V  [jvm.dll+0x6d4bb9]
V  [jvm.dll+0x8afa11]
V  [jvm.dll+0x8b1f3e]
V  [jvm.dll+0x8b2623]
V  [jvm.dll+0x280816]
V  [jvm.dll+0x6d1385]
V  [jvm.dll+0x6c552a]
V  [jvm.dll+0x35b978]
V  [jvm.dll+0x3635f6]
V  [jvm.dll+0x3b4b9e]
V  [jvm.dll+0x3b4e48]
V  [jvm.dll+0x32f9bc]
V  [jvm.dll+0x33051b]
V  [jvm.dll+0x878909]
V  [jvm.dll+0x3c1b91]
V  [jvm.dll+0x861973]
V  [jvm.dll+0x456b7e]
V  [jvm.dll+0x4587c1]
C  [jli.dll+0x52a0]
C  [ucrtbase.dll+0x29333]
C  [KERNEL32.DLL+0x1259d]
C  [ntdll.dll+0x5af78]


---------------  P R O C E S S  ---------------

Threads class SMR info:
_java_thread_list=0x00007ff866a62108, length=0, elements={
}

Java Threads: ( => current thread )
Total: 0

Other Threads:
  0x000001f8e03f1960 WorkerThread "GC Thread#0"                     [id=2760, stack(0x000000d727c00000,0x000000d727d00000) (1024K)]
  0x000001f8e03ffb40 ConcurrentGCThread "G1 Main Marker"            [id=5696, stack(0x000000d727d00000,0x000000d727e00000) (1024K)]
  0x000001f8e0400640 WorkerThread "G1 Conc#0"                       [id=3532, stack(0x000000d727e00000,0x000000d727f00000) (1024K)]

[error occurred during error reporting (printing all threads), id 0xc0000005, EXCEPTION_ACCESS_VIOLATION (0xc0000005) at pc=0x00007ff866162327]
VM state: not at safepoint (not fully initialized)

VM Mutex/Monitor currently owned by a thread:  ([mutex/lock_event])
[0x00007ff866ad6578] Heap_lock - owner thread: 0x000001f8de12fda0

Heap address: 0x00000000a1e00000, size: 1506 MB, Compressed Oops mode: 32-bit

CDS archive(s) mapped at: [0x0000000000000000-0x0000000000000000-0x0000000000000000), size 0, SharedBaseAddress: 0x0000000800000000, ArchiveRelocationMode: 1.
Narrow klass base: 0x0000000000000000, Narrow klass shift: 0, Narrow klass range: 0x0

GC Precious Log:
 CardTable entry size: 512
 Card Set container configuration: InlinePtr #cards 5 size 8 Array Of Cards #cards 12 size 40 Howl #buckets 4 coarsen threshold 1843 Howl Bitmap #cards 512 size 80 coarsen threshold 460 Card regions per heap region 1 cards per card region 2048

Heap:
 garbage-first heap   total 0K, used 0K [0x00000000a1e00000, 0x0000000100000000)
  region size 1024K, 0 young (0K), 0 survivors (0K)

[error occurred during error reporting (printing heap information), id 0xc0000005, EXCEPTION_ACCESS_VIOLATION (0xc0000005) at pc=0x00007ff86654ea59]
GC Heap History (0 events):
No events

Dll operation events (1 events):
Event: 0.013 Loaded shared library C:\Users\josue\.jdks\ms-21.0.7\bin\java.dll

Deoptimization events (0 events):
No events

Classes loaded (0 events):
No events

Classes unloaded (0 events):
No events

Classes redefined (0 events):
No events

Internal exceptions (0 events):
No events

ZGC Phase Switch (0 events):
No events

VM Operations (0 events):
No events

Memory protections (0 events):
No events

Nmethod flushes (0 events):
No events

Events (0 events):
No events


Dynamic libraries:
0x00007ff6034d0000 - 0x00007ff6034de000 	C:\Users\josue\.jdks\ms-21.0.7\bin\java.exe
0x00007ff8cd130000 - 0x00007ff8cd347000 	C:\Windows\SYSTEM32\ntdll.dll
0x00007ff8cc020000 - 0x00007ff8cc0e4000 	C:\Windows\System32\KERNEL32.DLL
0x00007ff8ca760000 - 0x00007ff8cab32000 	C:\Windows\System32\KERNELBASE.dll
0x00007ff8cab70000 - 0x00007ff8cac81000 	C:\Windows\System32\ucrtbase.dll
0x00007ff8bbb90000 - 0x00007ff8bbba8000 	C:\Users\josue\.jdks\ms-21.0.7\bin\jli.dll
0x00007ff8ccf30000 - 0x00007ff8cd0e1000 	C:\Windows\System32\USER32.dll
0x00007ff8ca3e0000 - 0x00007ff8ca406000 	C:\Windows\System32\win32u.dll
0x00007ff8cb240000 - 0x00007ff8cb269000 	C:\Windows\System32\GDI32.dll
0x00007ff8bbb70000 - 0x00007ff8bbb8d000 	C:\Users\josue\.jdks\ms-21.0.7\bin\VCRUNTIME140.dll
0x00007ff8cac90000 - 0x00007ff8cadb3000 	C:\Windows\System32\gdi32full.dll
0x00007ff8ca6c0000 - 0x00007ff8ca75a000 	C:\Windows\System32\msvcp_win.dll
0x00007ff8b2840000 - 0x00007ff8b2adb000 	C:\Windows\WinSxS\amd64_microsoft.windows.common-controls_6595b64144ccf1df_6.0.22621.5415_none_270d77d17387d7da\COMCTL32.dll
0x00007ff8cbf10000 - 0x00007ff8cbfb7000 	C:\Windows\System32\msvcrt.dll
0x00007ff8cbfc0000 - 0x00007ff8cbff1000 	C:\Windows\System32\IMM32.DLL
0x00007ff8bbc50000 - 0x00007ff8bbc5c000 	C:\Users\josue\.jdks\ms-21.0.7\bin\vcruntime140_1.dll
0x00007ff8946a0000 - 0x00007ff89472d000 	C:\Users\josue\.jdks\ms-21.0.7\bin\msvcp140.dll
0x00007ff865e20000 - 0x00007ff866bb8000 	C:\Users\josue\.jdks\ms-21.0.7\bin\server\jvm.dll
0x00007ff8cc470000 - 0x00007ff8cc521000 	C:\Windows\System32\ADVAPI32.dll
0x00007ff8ccc50000 - 0x00007ff8cccf8000 	C:\Windows\System32\sechost.dll
0x00007ff8cab40000 - 0x00007ff8cab68000 	C:\Windows\System32\bcrypt.dll
0x00007ff8ccd00000 - 0x00007ff8cce14000 	C:\Windows\System32\RPCRT4.dll
0x00007ff8cb5e0000 - 0x00007ff8cb651000 	C:\Windows\System32\WS2_32.dll
0x00007ff8ca100000 - 0x00007ff8ca14d000 	C:\Windows\SYSTEM32\POWRPROF.dll
0x00007ff8c5420000 - 0x00007ff8c5454000 	C:\Windows\SYSTEM32\WINMM.dll
0x00007ff8c1290000 - 0x00007ff8c129a000 	C:\Windows\SYSTEM32\VERSION.dll
0x00007ff8ca0d0000 - 0x00007ff8ca0e3000 	C:\Windows\SYSTEM32\UMPDC.dll
0x00007ff8c91c0000 - 0x00007ff8c91d8000 	C:\Windows\SYSTEM32\kernel.appcore.dll
0x00007ff8bb8d0000 - 0x00007ff8bb8da000 	C:\Users\josue\.jdks\ms-21.0.7\bin\jimage.dll
0x00007ff8c3dd0000 - 0x00007ff8c4003000 	C:\Windows\SYSTEM32\DBGHELP.DLL
0x00007ff8cadc0000 - 0x00007ff8cb153000 	C:\Windows\System32\combase.dll
0x00007ff8cb160000 - 0x00007ff8cb237000 	C:\Windows\System32\OLEAUT32.dll
0x00007ff8a8370000 - 0x00007ff8a83a2000 	C:\Windows\SYSTEM32\dbgcore.DLL
0x00007ff8ca220000 - 0x00007ff8ca29b000 	C:\Windows\System32\bcryptPrimitives.dll
0x00007ff8b7bb0000 - 0x00007ff8b7bd0000 	C:\Users\josue\.jdks\ms-21.0.7\bin\java.dll

dbghelp: loaded successfully - version: 4.0.5 - missing functions: none
symbol engine: initialized successfully - sym options: 0x614 - pdb path: .;C:\Users\josue\.jdks\ms-21.0.7\bin;C:\Windows\SYSTEM32;C:\Windows\WinSxS\amd64_microsoft.windows.common-controls_6595b64144ccf1df_6.0.22621.5415_none_270d77d17387d7da;C:\Users\josue\.jdks\ms-21.0.7\bin\server

VM Arguments:
jvm_args: -XX:TieredStopAtLevel=1 -Dfile.encoding=UTF-8 -Duser.country=MX -Duser.language=es -Duser.variant 
java_command: com.pucetec.josue_tipan_shipflow.JosueTipanShipflowApplicationKt
java_class_path (initial): C:\Users\josue\Desktop\josue_tipan_shipflow\build\classes\java\main;C:\Users\josue\Desktop\josue_tipan_shipflow\build\classes\kotlin\main;C:\Users\josue\Desktop\josue_tipan_shipflow\build\resources\main;C:\Users\josue\.gradle\caches\modules-2\files-2.1\com.fasterxml.jackson.datatype\jackson-datatype-jdk8\2.19.1\eabbc99d0e146b1a7085fddd02568faf1d3b4ab1\jackson-datatype-jdk8-2.19.1.jar;C:\Users\josue\.gradle\caches\modules-2\files-2.1\com.fasterxml.jackson.datatype\jackson-datatype-jsr310\2.19.1\e9df57105f3b0730040ad7f3a1b603684a3329f4\jackson-datatype-jsr310-2.19.1.jar;C:\Users\josue\.gradle\caches\modules-2\files-2.1\com.fasterxml.jackson.module\jackson-module-parameter-names\2.19.1\133a9dc4ff2413035dc7ca8a9aa6a1da3667ddfb\jackson-module-parameter-names-2.19.1.jar;C:\Users\josue\.gradle\caches\modules-2\files-2.1\com.fasterxml.jackson.core\jackson-databind\2.19.1\e8cb8e76faea3e0791165f5d3614fc45933b2ee0\jackson-databind-2.19.1.jar;C:\Users\josue\.gradle\caches\modules-2\files-2.1\com.fasterxml.jackson.core\jackson-annotations\2.19.1\37e4f0c5dba684e00137defdb04ad9df95920c44\jackson-annotations-2.19.1.jar;C:\Users\josue\.gradle\caches\modules-2\files-2.1\com.fasterxml.jackson.core\jackson-core\2.19.1\6e5a8cb8a6cada322497cefb7726657d98aaee15\jackson-core-2.19.1.jar;C:\Users\josue\.gradle\caches\modules-2\files-2.1\com.fasterxml.jackson.module\jackson-module-kotlin\2.19.1\8850dbc42f9abc482605672e2f164cb987222c0a\jackson-module-kotlin-2.19.1.jar;C:\Users\josue\.gradle\caches\modules-2\files-2.1\org.jetbrains.kotlin\kotlin-reflect\1.9.25\73023c38b7b20430232893cf9b556dc8486e07a4\kotlin-reflect-1.9.25.jar;C:\Users\josue\.gradle\caches\modules-2\files-2.1\org.jetbrains.kotlin\kotlin-stdlib\1.9.25\f700a2f2b8f0d6d0fde48f56d894dc722fb029d7\kotlin-stdlib-1.9.25.jar;C:\Users\josue\.gradle\caches\modules-2\files-2.1\org.postgresql\postgresql\42.7.7\67f8093e8d8104c74bbf588392ac3229803f5d17\postgresql-42.7.7.jar;C:\Users\josue\.gradle\caches\modules-2\files-2.1\org.jetbrains\annotations\13.0\919f0dfe192fb4e063e7dacadee7f8bb9a2672a9\annotations-13.0.jar;C:\Users\josue\.gradle\caches\modules-2\files-2.1\org.hibernate.orm\hibernate-core\6.6.18.Final\c3d150af4c341a7b07c75a8905bfbba895e73fbc\hibernate-core-6.6.18.Final.jar;C:\Users\josue\.gradle\caches\modules-2\files-2.1\org.springframework.data\spring-data-jpa\3.5.1\7d34c2d8c8bcd96f5ce3f012c2a88d682a86e14b\spring-data-jpa-3.5.1.jar;C:\Users\josue\.gradle\caches\modules-2\files-2.1\org.springframework\spring-aspects\6.2.8\30cd83452beef146187bee60a824fe3ae7197d85\spring-aspects-6.2.8.jar;C:\Users\josue\.gradle\caches\modules-2\files-2.1\org.springframework\spring-webmvc\6.2.8\a98cbaba4b55b4fee2d752041130e2e0f7014b27\spring-webmvc-6.2.8.jar;C:\Users\josue\.gradle\caches\modules-2\files-2.1\org.springframework\spring-web\6.2.8\7b6a4ffb12639779721bc5adbc7f5ba80db72ff9\spring-web-6.2.8.jar;C:\Users\josue\.gradle\caches\modules-2\files-2.1\org.checkerframework\checker-qual\3.49.3\119a4df4ba2e6a432b23989a785f81be38a56849\checker-qual-3.49.3.jar;C:\Users\josue\.gradle\caches\modules-2\files-2.1\org.springframework.boot\spring-boot-autoconfigure\3.5.3\b03483a9d3c480d064c8380e2d78ea3593ca6cb8\spring-boot-autoconfigure-3.5.3.jar;C:\Users\josue\.gradle\caches\modules-2\files-2.1\org.springframework.boot\spring-boot\3.5.3\1b02976773afc2489df3c22000acaf83d0ada2b2\spring-boot-3.5.3.jar;C:\Users\josue\.gradle\caches\modules-2\files-2.1\jakarta.annotation\jakarta.annotation-api\2.1.1\48b9bda22b091b1f48b13af03fe36db3be6e1ae3\jakarta.annotation-api-2.1.1.jar;C:\Users\josue\.gradle\caches\modules-2\files-2.1\org.springframework\spring-orm\6.2.8\3bfe2a04c09ad1d7738b16e6e4636a7255be3af8\spring-orm-6.2.8.jar;C:\Users\josue\.gradle\caches\modules-2\files-2.1\org.springframework\spring-jdbc\6.2.8\2927be130aa08d6513804a048eb6065ab5c51a1d\spring-jdbc-6.2.8.jar;C:\Users\josue\.gradle\caches\modules-2\files-2.1\org.springframework.data\spring-data-commons\3.5.1\90bd3f9edcc3b98e0d49657f3f2152e933b42ae8\spring-data-commons-3.5.1.jar;C:\Users\josue\.gradle\caches\modules-2\files-2.1\org.springframework\spring-context\6.2.8\9db99fe5f92f587e8f2b26b34a7f42260169925a\spring-context-6.2.8.jar;C:\Users\josue\.gradle\caches\modules-2\files-2.1\org.springframework\spring-aop\6.2.8\435fb310d5f464050b91ac3cb1a7f217a471e62e\spring-aop-6.2.8.jar;C:\Users\josue\.gradle\caches\modules-2\files-2.1\org.springframework\spring-tx\6.2.8\6b2eecf34f0810dd989f7e7bfa8fd8c86fe28dfb\spring-tx-6.2.8.jar;C:\Users\josue\.gradle\caches\modules-2\files-2.1\org.springframework\spring-beans\6.2.8\9da1e690f343c30b6ed6eabd5f60ecc5dd0b225a\spring-beans-6.2.8.jar;C:\Users\josue\.gradle\caches\modules-2\files-2.1\org.springframework\spring-expression\6.2.8\19e6618120fab6a572880675e1c0af676c7aa4ac\spring-expression-6.2.8.jar;C:\Users\josue\.gradle\caches\modules-2\files-2.1\org.springframework\spring-core\6.2.8\2caf1cef93252f5ef2b7f334b8b4d61f3aecad15\spring-core-6.2.8.jar;C:\Users\josue\.gradle\caches\modules-2\files-2.1\org.yaml\snakeyaml\2.4\e0666b825b796f85521f02360e77f4c92c5a7a07\snakeyaml-2.4.jar;C:\Users\josue\.gradle\caches\modules-2\files-2.1\com.zaxxer\HikariCP\6.3.0\bebd113244c9d9926c6b792f28110ed6380cacc2\HikariCP-6.3.0.jar;C:\Users\josue\.gradle\caches\modules-2\files-2.1\jakarta.persistence\jakarta.persistence-api\3.1.0\66901fa1c373c6aff65c13791cc11da72060a8d6\jakarta.persistence-api-3.1.0.jar;C:\Users\josue\.gradle\caches\modules-2\files-2.1\jakarta.transaction\jakarta.transaction-api\2.0.1\51a520e3fae406abb84e2e1148e6746ce3f80a1a\jakarta.transaction-api-2.0.1.jar;C:\Users\josue\.gradle\caches\modules-2\files-2.1\org.jboss.logging\jboss-logging\3.6.1.Final\886afbb445b4016a37c8960a7aef6ebd769ce7e5\jboss-logging-3.6.1.Final.jar;C:\Users\josue\.gradle\caches\modules-2\files-2.1\org.hibernate.common\hibernate-commons-annotations\7.0.3.Final\e183c4be8bb41d12e9f19b374e00c34a0a85f439\hibernate-commons-annotations-7.0.3.Final.jar;C:\Users\josue\.gradle\caches\modules-2\files-2.1\io.smallrye\jandex\3.2.0\f17ad860f62a08487b9edabde608f8ac55c62fa7\jandex-3.2.0.jar;C:\Users\josue\.gradle\caches\modules-2\files-2.1\com.fasterxml\classmate\1.7.0\e98374da1f2143ac8e6e0a95036994bb19137a3\classmate-1.7.0.jar;C:\Users\josue\.gradle\caches\modules-2\files-2.1\net.bytebuddy\byte-buddy\1.17.6\8c70cbc6950b2ae5291a98d5003e06406d633803\byte-buddy-1.17.6.jar;C:\Users\josue\.gradle\caches\modules-2\files-2.1\org.glassfish.jaxb\jaxb-runtime\4.0.5\ca84c2a7169b5293e232b9d00d1e4e36d4c3914a\jaxb-runtime-4.0.5.jar;C:\Users\josue\.gradle\caches\modules-2\files-2.1\org.glassfish.jaxb\jaxb-core\4.0.5\7b4b11ea5542eea4ad55e1080b23be436795b3\jaxb-core-4.0.5.jar;C:\Users\josue\.gradle\caches\modules-2\files-2.1\jakarta.xml.bind\jakarta.xml.bind-api\4.0.2\6cd5a999b834b63238005b7144136379dc36cad2\jakarta.xml.bind-api-4.0.2.jar;C:\Users\josue\.gradle\caches\modules-2\files-2.1\jakarta.inject\jakarta.inject-api\2.0.1\4c28afe1991a941d7702fe1362c365f0a8641d1e\jakarta.inject-api-2.0.1.jar;C:\Users\josue\.gradle\caches\modules-2\files-2.1\org.antlr\antlr4-runtime\4.13.0\5a02e48521624faaf5ff4d99afc88b01686af655\antlr4-runtime-4.13.0.jar;C:\Users\josue\.gradle\caches\modules-2\files-2.1\ch.qos.logback\logback-classic\1.5.18\fc371f3fc97a639de2d67947cffb7518ec5e3d40\logback-classic-1.5.18.jar;C:\Users\josue\.gradle\caches\modules-2\files-2.1\org.apache.logging.log4j\log4j-to-slf4j\2.24.3\da1143e2a2531ee1c2d90baa98eb50a28a39d5a7\log4j-to-slf4j-2.24.3.jar;C:\Users\josue\.gradle\caches\modules-2\files-2.1\org.slf4j\jul-to-slf4j\2.0.17\524cb6ccc2b68a57604750e1ab8b13b5a786a6aa\jul-to-slf4j-2.0.17.jar;C:\Users\josue\.gradle\caches\modules-2\files-2.1\org.slf4j\slf4j-api\2.0.17\d9e58ac9c7779ba3bf8142aff6c830617a7fe60f\slf4j-api-2.0.17.jar;C:\Users\josue\.gradle\caches\modules-2\files-2.1\org.aspectj\aspectjweaver\1.9.24\9b5aeb0cea9f958b9c57fb80e62996e95a3e9379\aspectjweaver-1.9.24.jar;C:\Users\josue\.gradle\caches\modules-2\files-2.1\org.apache.tomcat.embed\tomcat-embed-websocket\10.1.42\e47e420583a372feaece0dc9b8a9a63c4bfcd093\tomcat-embed-websocket-10.1.42.jar;C:\Users\josue\.gradle\caches\modules-2\files-2.1\org.apache.tomcat.embed\tomcat-embed-core\10.1.42\8906a203edef16fa6013635925bf9f5d1dbe5639\tomcat-embed-core-10.1.42.jar;C:\Users\josue\.gradle\caches\modules-2\files-2.1\org.apache.tomcat.embed\tomcat-embed-el\10.1.42\a82416ce2960c50ee8150c9229e058b826e070a8\tomcat-embed-el-10.1.42.jar;C:\Users\josue\.gradle\caches\modules-2\files-2.1\io.micrometer\micrometer-observation\1.15.1\3d0a62a46350707984e3600297cc8e08c4722399\micrometer-observation-1.15.1.jar;C:\Users\josue\.gradle\caches\modules-2\files-2.1\org.springframework\spring-jcl\6.2.8\b806d8d270a8eebaca56f6b4dae8f627460b0d4e\spring-jcl-6.2.8.jar;C:\Users\josue\.gradle\caches\modules-2\files-2.1\org.eclipse.angus\angus-activation\2.0.2\41f1e0ddd157c856926ed149ab837d110955a9fc\angus-activation-2.0.2.jar;C:\Users\josue\.gradle\caches\modules-2\files-2.1\jakarta.activation\jakarta.activation-api\2.1.3\fa165bd70cda600368eee31555222776a46b881f\jakarta.activation-api-2.1.3.jar;C:\Users\josue\.gradle\caches\modules-2\files-2.1\io.micrometer\micrometer-commons\1.15.1\43cbe2327f4e3f5cbfda6be64418c66b9b62f4ec\micrometer-commons-1.15.1.jar;C:\Users\josue\.gradle\caches\modules-2\files-2.1\ch.qos.logback\logback-core\1.5.18\6c0375624f6f36b4e089e2488ba21334a11ef13f\logback-core-1.5.18.jar;C:\Users\josue\.gradle\caches\modules-2\files-2.1\org.apache.logging.log4j\log4j-api\2.24.3\b02c125db8b6d295adf72ae6e71af5d83bce2370\log4j-api-2.24.3.jar;C:\Users\josue\.gradle\caches\modules-2\files-2.1\org.glassfish.jaxb\txw2\4.0.5\f36a4ef12120a9bb06d766d6a0e54b144fd7ed98\txw2-4.0.5.jar;C:\Users\josue\.gradle\caches\modules-2\files-2.1\com.sun.istack\istack-commons-runtime\4.1.2\18ec117c85f3ba0ac65409136afa8e42bc74e739\istack-commons-runtime-4.1.2.jar
Launcher Type: SUN_STANDARD

[Global flags]
     intx CICompilerCount                          = 4                                         {product} {ergonomic}
     uint ConcGCThreads                            = 2                                         {product} {ergonomic}
     uint G1ConcRefinementThreads                  = 8                                         {product} {ergonomic}
   size_t G1HeapRegionSize                         = 1048576                                   {product} {ergonomic}
    uintx GCDrainStackTargetSize                   = 64                                        {product} {ergonomic}
   size_t InitialHeapSize                          = 100663296                                 {product} {ergonomic}
   size_t MarkStackSize                            = 4194304                                   {product} {ergonomic}
   size_t MaxHeapSize                              = 1579155456                                {product} {ergonomic}
   size_t MinHeapDeltaBytes                        = 1048576                                   {product} {ergonomic}
   size_t MinHeapSize                              = 8388608                                   {product} {ergonomic}
    uintx NonNMethodCodeHeapSize                   = 4096                                   {pd product} {ergonomic}
    uintx NonProfiledCodeHeapSize                  = 0                                      {pd product} {ergonomic}
     bool ProfileInterpreter                       = false                                  {pd product} {command line}
    uintx ProfiledCodeHeapSize                     = 0                                      {pd product} {ergonomic}
   size_t SoftMaxHeapSize                          = 1579155456                             {manageable} {ergonomic}
     intx TieredStopAtLevel                        = 1                                         {product} {command line}
     bool UseCompressedOops                        = true                           {product lp64_product} {ergonomic}
     bool UseG1GC                                  = true                                      {product} {ergonomic}
     bool UseLargePagesIndividualAllocation        = false                                  {pd product} {ergonomic}

Logging:
Log output configuration:
 #0: stdout all=warning uptime,level,tags foldmultilines=false
 #1: stderr all=off uptime,level,tags foldmultilines=false

Environment Variables:
PATH=C:\Program Files\WindowsApps\Microsoft.PowerShell_7.5.2.0_x64__8wekyb3d8bbwe;C:\Program Files\Docker\Docker\resources\bin;C:\Program Files\Docker\Docker\resources\bin;C:\Python313\Scripts\;C:\Python313\;c:\Users\josue\AppData\Local\Programs\cursor\resources\app\bin;C:\Program Files\Common Files\Oracle\Java\javapath;C:\app\josue\product\21c\dbhomeXE\bin;C:\Windows\system32;C:\Windows;C:\Windows\System32\Wbem;C:\Windows\System32\WindowsPowerShell\v1.0\;C:\Windows\System32\OpenSSH\;C:\Program Files\dotnet\;C:\Program Files\Git\cmd;C:\Users\josue\AppData\Local\Microsoft\WindowsApps;C:\Users\josue\.dotnet\tools;C:\Users\josue\AppData\Local\Microsoft\WinGet\Packages\Schniz.fnm_Microsoft.Winget.Source_8wekyb3d8bbwe;C:\Users\josue\AppData\Roaming\npm;c:\Users\josue\AppData\Local\Programs\cursor\resources\app\bin;C:\Program Files\nodejs\;C:\ProgramData\chocolatey\bin;C:\Program Files\Docker\Docker\resources\bin;C:\Users\josue\AppData\Local\Microsoft\WindowsApps;C:\Users\josue\.dotnet\tools;C:\Users\josue\AppData\Local\Programs\Microsoft VS Code\bin;C:\Users\josue\AppData\Local\Microsoft\WinGet\Packages\Schniz.fnm_Microsoft.Winget.Source_8wekyb3d8bbwe;C:\Program Files\MongoDB\mongosh-2.3.8-win32-x64\mongosh-2.3.8-win32-x64\bin;C:\Program Files\MongoDB\Server\8.0\bin;C:\Users\josue\Desktop\InvoiceServicesModels\InvoiceServicesModels;C:\Users\josue\AppData\Roaming\npm;C:\Users\josue\AppData\Local\Programs\cursor\resources\app\bin
USERNAME=josue
OS=Windows_NT
PROCESSOR_IDENTIFIER=AMD64 Family 23 Model 24 Stepping 1, AuthenticAMD
TMP=C:\Users\josue\AppData\Local\Temp
TEMP=C:\Users\josue\AppData\Local\Temp




Periodic native trim disabled

---------------  S Y S T E M  ---------------

OS:
 Windows 11 , 64 bit Build 22621 (10.0.22621.5415)
OS uptime: 11 days 16:57 hours
Hyper-V role detected

CPU: total 8 (initial active 8) (8 cores per cpu, 2 threads per core) family 23 model 24 stepping 1 microcode 0x0, cx8, cmov, fxsr, ht, mmx, 3dnowpref, sse, sse2, sse3, ssse3, sse4a, sse4.1, sse4.2, popcnt, lzcnt, tsc, tscinvbit, avx, avx2, aes, clmul, bmi1, bmi2, adx, sha, fma, vzeroupper, clflush, clflushopt, hv, rdtscp, f16c
Processor Information for the first 8 processors :
  Max Mhz: 2100, Current Mhz: 2100, Mhz Limit: 2100

Memory: 4k page, system-wide physical 6020M (210M free)
TotalPageFile size 24452M (AvailPageFile size 88M)
current process WorkingSet (physical memory assigned to process): 11M, peak: 11M
current process commit charge ("private bytes"): 55M, peak: 151M

vm_info: OpenJDK 64-Bit Server VM (21.0.7+6-LTS) for windows-amd64 JRE (21.0.7+6-LTS), built on 2025-04-09T22:17:25Z by "MicrosoftCorporation" with unknown MS VC++:1939

END.
